2021-04-27 23:56:56,328 : INFO : **************test_Title**************
2021-04-27 23:56:56,329 : INFO : **************Verifying Title Page **************
2021-04-27 23:57:02,196 : ERROR : **************Title Page is Failed**************
2021-04-27 23:57:03,330 : INFO : **************test_Login***************
2021-04-27 23:57:07,088 : ERROR : **************Login Title Failed***************
2021-04-27 23:59:28,286 : INFO : **************test_Title**************
2021-04-27 23:59:28,286 : INFO : **************Verifying Title Page **************
2021-04-27 23:59:29,970 : ERROR : **************Title Page is Failed**************
2021-04-27 23:59:31,142 : INFO : **************test_Login***************
2021-04-27 23:59:34,879 : ERROR : **************Login Title Failed***************
2021-04-28 00:21:29,429 : INFO : **************test_Title**************
2021-04-28 00:21:29,429 : INFO : **************Verifying Title Page **************
2021-04-28 00:21:29,501 : INFO : **************test_Login***************
2021-04-28 00:22:37,522 : INFO : **************test_Title**************
2021-04-28 00:22:37,522 : INFO : **************Verifying Title Page **************
2021-04-28 00:22:37,593 : INFO : **************test_Login***************
2021-04-28 00:23:02,673 : INFO : **************test_Title**************
2021-04-28 00:23:02,673 : INFO : **************Verifying Title Page **************
2021-04-28 00:23:03,834 : INFO : **************test_Login***************
2021-04-28 00:26:06,930 : INFO : **************test_Title**************
2021-04-28 00:26:06,930 : INFO : **************Verifying Title Page **************
2021-04-28 00:26:08,569 : ERROR : **************Title Page is Failed**************
2021-04-28 00:26:09,745 : INFO : **************test_Login***************
2021-04-28 00:26:13,704 : ERROR : **************Login Title Failed***************
2021-04-28 00:26:27,332 : INFO : Redirecting http://127.0.0.1:58665/session -> http://127.0.0.1:58665/session/a0c0b6e6-f786-41ce-8d67-9b2ffa328240
2021-04-28 00:26:27,349 : INFO : **************test_Title**************
2021-04-28 00:26:27,349 : INFO : **************Verifying Title Page **************
2021-04-28 00:26:35,140 : ERROR : **************Title Page is Failed**************
2021-04-28 00:26:38,813 : INFO : Redirecting http://127.0.0.1:58709/session -> http://127.0.0.1:58709/session/5c18733d-72fb-4b61-8d60-91fc225251c7
2021-04-28 00:26:38,828 : INFO : **************test_Login***************
2021-04-28 00:26:53,640 : INFO : Redirecting http://127.0.0.1:58750/session -> http://127.0.0.1:58750/session/34156c09-27d8-45fd-89b9-ae1c8327556e
2021-04-28 00:26:53,661 : INFO : **************test_Title**************
2021-04-28 00:26:53,661 : INFO : **************Verifying Title Page **************
2021-04-28 00:26:57,554 : INFO : Redirecting http://127.0.0.1:58774/session -> http://127.0.0.1:58774/session/913bffd6-fc63-4136-9f35-e0fc841d8dd9
2021-04-28 00:26:57,569 : INFO : **************test_Login***************
2021-04-28 00:31:40,758 : INFO : Redirecting http://127.0.0.1:59009/session -> http://127.0.0.1:59009/session/63a936f7-44fe-4556-9f2c-7b7f14f4898f
2021-04-28 00:31:40,774 : INFO : **************test_Title**************
2021-04-28 00:31:40,774 : INFO : **************Verifying Title Page **************
2021-04-28 00:31:50,871 : INFO : Redirecting http://127.0.0.1:59043/session -> http://127.0.0.1:59043/session/5aea78cf-9c7a-44b9-bf13-7920d18704fc
2021-04-28 00:31:50,887 : INFO : **************test_Login***************
2021-04-28 00:33:30,062 : INFO : Redirecting http://127.0.0.1:59117/session -> http://127.0.0.1:59117/session/c15bf6ee-2450-4f98-b706-799f444336d2
2021-04-28 00:33:30,078 : INFO : **************test_Title**************
2021-04-28 00:33:30,078 : INFO : **************Verifying Title Page **************
2021-04-28 00:33:34,075 : INFO : Redirecting http://127.0.0.1:59143/session -> http://127.0.0.1:59143/session/6f9a56b4-0040-4079-a3d2-7dfb05b5e1fd
2021-04-28 00:33:34,091 : INFO : **************test_Login***************
2021-04-28 00:40:14,817 : INFO : Redirecting http://127.0.0.1:59590/session -> http://127.0.0.1:59590/session/337b159c-e000-4520-8378-c46e02d54731
2021-04-28 00:40:14,833 : INFO : **************test_Title**************
2021-04-28 00:40:14,833 : INFO : **************Verifying Title Page **************
2021-04-28 00:40:18,847 : INFO : Redirecting http://127.0.0.1:59616/session -> http://127.0.0.1:59616/session/720b077a-1693-41b8-a16b-aeb34b73b439
2021-04-28 00:40:18,868 : INFO : **************test_Login***************
2021-04-28 00:45:57,400 : INFO : **************test_Title**************
2021-04-28 00:45:57,400 : INFO : **************Verifying Title Page **************
2021-04-28 00:46:03,137 : ERROR : **************Title Page is Failed**************
2021-04-28 00:46:04,266 : INFO : **************test_Login***************
2021-04-28 00:46:08,250 : ERROR : **************Login Title Failed***************
2021-04-28 18:34:21,662 : INFO : **************test_Title**************
2021-04-28 18:34:21,662 : INFO : **************Verifying Title Page **************
2021-04-28 18:34:23,399 : ERROR : **************Title Page is Failed**************
2021-04-28 18:34:24,695 : INFO : **************test_Login***************
2021-04-28 18:34:29,280 : ERROR : **************Login Title Failed***************
2021-04-28 18:35:36,953 : INFO : **************test_Title**************
2021-04-28 18:35:36,954 : INFO : **************Verifying Title Page **************
2021-04-28 18:35:38,067 : ERROR : **************Title Page is Failed**************
2021-04-28 18:35:39,306 : INFO : **************test_Login***************
2021-04-28 18:35:42,397 : ERROR : **************Login Title Failed***************
2021-04-28 18:36:25,426 : INFO : **************test_Title**************
2021-04-28 18:36:25,426 : INFO : **************Verifying Title Page **************
2021-04-28 18:36:31,604 : ERROR : **************Title Page is Failed**************
2021-04-28 18:36:32,766 : INFO : **************test_Login***************
2021-04-28 18:36:36,581 : ERROR : **************Login Title Failed***************
2021-04-28 18:40:52,691 : INFO : **************test_Title**************
2021-04-28 18:40:52,691 : INFO : **************Verifying Title Page **************
2021-04-28 18:40:54,767 : ERROR : **************Title Page is Failed**************
2021-04-28 18:40:55,975 : INFO : **************test_Login***************
2021-04-28 18:41:00,191 : ERROR : **************Login Title Failed***************
2021-04-28 18:42:12,557 : INFO : **************test_Title**************
2021-04-28 18:42:12,557 : INFO : **************Verifying Title Page **************
2021-04-28 18:42:14,569 : ERROR : **************Title Page is Failed**************
2021-04-28 18:42:15,792 : INFO : **************test_Login***************
2021-04-28 18:42:19,569 : ERROR : **************Login Title Failed***************
2021-04-28 18:44:16,753 : INFO : **************test_Title**************
2021-04-28 18:44:16,753 : INFO : **************Verifying Title Page **************
2021-04-28 18:44:22,999 : ERROR : **************Title Page is Failed**************
2021-04-28 18:44:24,209 : INFO : **************test_Login***************
2021-04-28 18:44:28,972 : ERROR : **************Login Title Failed***************
2021-04-28 18:45:34,047 : INFO : **************test_Title**************
2021-04-28 18:45:34,047 : INFO : **************Verifying Title Page **************
2021-04-28 18:45:40,527 : ERROR : **************Title Page is Failed**************
2021-04-28 18:45:41,730 : INFO : **************test_Login***************
2021-04-28 18:45:46,273 : ERROR : **************Login Title Failed***************
2021-04-28 18:46:50,602 : INFO : **************test_Title**************
2021-04-28 18:46:50,602 : INFO : **************Verifying Title Page **************
2021-04-28 18:46:51,714 : ERROR : **************Title Page is Failed**************
2021-04-28 18:46:52,919 : INFO : **************test_Login***************
2021-04-28 18:48:07,710 : INFO : **************test_Title**************
2021-04-28 18:48:07,710 : INFO : **************Verifying Title Page **************
2021-04-28 18:48:13,751 : ERROR : **************Title Page is Failed**************
2021-04-28 18:48:14,964 : INFO : **************test_Login***************
2021-04-28 18:48:19,591 : ERROR : **************Login Title Failed***************
2021-04-28 18:49:35,848 : INFO : **************test_Title**************
2021-04-28 18:49:35,848 : INFO : **************Verifying Title Page **************
2021-04-28 18:49:41,982 : ERROR : **************Title Page is Failed**************
2021-04-28 18:49:43,177 : INFO : **************test_Login***************
2021-04-28 18:49:47,811 : ERROR : **************Login Title Failed***************
2021-04-28 18:50:25,871 : INFO : **************test_Title**************
2021-04-28 18:50:25,871 : INFO : **************Verifying Title Page **************
2021-04-28 18:50:27,337 : ERROR : **************Title Page is Failed**************
2021-04-28 18:50:28,579 : INFO : **************test_Login***************
2021-04-28 18:50:33,334 : ERROR : **************Login Title Failed***************
2021-04-28 18:53:24,811 : INFO : **************test_Title**************
2021-04-28 18:53:24,811 : INFO : **************Verifying Title Page **************
2021-04-28 18:53:27,095 : ERROR : **************Title Page is Failed**************
2021-04-28 18:53:28,292 : INFO : **************test_Login***************
2021-04-28 18:53:32,636 : ERROR : **************Login Title Failed***************
2021-04-28 18:53:46,312 : INFO : **************test_Title**************
2021-04-28 18:53:46,312 : INFO : **************Verifying Title Page **************
2021-04-28 18:53:51,763 : ERROR : **************Title Page is Failed**************
2021-04-28 18:53:53,075 : INFO : **************test_Login***************
2021-04-28 18:54:02,394 : ERROR : **************Login Title Failed***************
2021-04-28 18:55:14,830 : INFO : **************test_Title**************
2021-04-28 18:55:14,830 : INFO : **************Verifying Title Page **************
2021-04-28 18:55:20,700 : ERROR : **************Title Page is Failed**************
2021-04-28 18:55:21,908 : INFO : **************test_Login***************
2021-04-28 18:55:26,086 : ERROR : **************Login Title Failed***************
2021-04-28 18:58:35,302 : INFO : **************test_Title**************
2021-04-28 18:58:35,302 : INFO : **************Verifying Title Page **************
2021-04-28 18:58:41,489 : ERROR : **************Title Page is Failed**************
2021-04-28 18:58:42,732 : INFO : **************test_Login***************
2021-04-28 18:58:47,443 : ERROR : **************Login Title Failed***************
2021-04-28 19:02:30,262 : INFO : **************test_Title**************
2021-04-28 19:02:30,262 : INFO : **************Verifying Title Page **************
2021-04-28 19:02:36,442 : ERROR : **************Title Page is Failed**************
2021-04-28 19:02:37,657 : INFO : **************test_Login***************
2021-04-28 19:02:42,008 : ERROR : **************Login Title Failed***************
2021-04-28 19:08:24,751 : INFO : **************test_Title**************
2021-04-28 19:08:24,751 : INFO : **************Verifying Title Page **************
2021-04-28 19:08:30,802 : ERROR : **************Title Page is Failed**************
2021-04-28 19:08:32,053 : INFO : **************test_Login***************
2021-04-28 19:08:36,351 : ERROR : **************Login Title Failed***************
2021-04-28 19:08:55,361 : INFO : **************test_Title**************
2021-04-28 19:08:55,361 : INFO : **************Verifying Title Page **************
2021-04-28 19:09:00,537 : ERROR : **************Title Page is Failed**************
2021-04-28 19:09:01,709 : INFO : **************test_Login***************
2021-04-28 19:09:06,029 : ERROR : **************Login Title Failed***************
2021-04-28 19:09:23,477 : INFO : **************test_Title**************
2021-04-28 19:09:23,477 : INFO : **************Verifying Title Page **************
2021-04-28 19:09:28,995 : ERROR : **************Title Page is Failed**************
2021-04-28 19:09:30,285 : INFO : **************test_Login***************
2021-04-28 19:09:33,889 : ERROR : **************Login Title Failed***************
2021-04-28 19:12:17,833 : INFO : **************test_Title**************
2021-04-28 19:12:17,834 : INFO : **************Verifying Title Page **************
2021-04-28 19:12:23,989 : ERROR : **************Title Page is Failed**************
2021-04-28 19:12:25,198 : INFO : **************test_Login***************
2021-04-28 19:12:29,277 : ERROR : **************Login Title Failed***************
2021-04-28 19:43:17,444 : INFO : **************test_titleCheck_testCase**************
2021-04-28 19:43:17,444 : INFO : **************Verify Title Page**************
2021-04-28 19:43:19,017 : ERROR : **************titleCheck Failed**************
2021-04-28 19:44:00,347 : INFO : **************test_titleCheck_testCase**************
2021-04-28 19:44:00,347 : INFO : **************Verify Title Page**************
2021-04-28 19:52:33,587 : INFO : **************test_titleCheck_testCase**************
2021-04-28 19:52:33,587 : INFO : **************Verify Title Page**************
2021-04-28 19:52:36,922 : INFO : **************test_loginCheck_testCase**************
2021-04-28 19:52:36,922 : INFO : **************Verify Login Page**************
2021-04-28 20:01:12,596 : INFO : **************test_titleCheck_testCase**************
2021-04-28 20:01:12,596 : INFO : **************Verify Title Page**************
2021-04-28 20:01:19,671 : INFO : **************test_loginCheck_testCase**************
2021-04-28 20:01:19,671 : INFO : **************Verify Login Page**************
2021-04-28 20:01:46,398 : INFO : **************test_titleCheck_testCase**************
2021-04-28 20:01:46,398 : INFO : **************Verify Title Page**************
2021-04-28 20:01:49,147 : INFO : **************test_loginCheck_testCase**************
2021-04-28 20:01:49,147 : INFO : **************Verify Login Page**************
2021-04-28 20:02:22,499 : INFO : **************test_titleCheck_testCase**************
2021-04-28 20:02:22,499 : INFO : **************Verify Title Page**************
2021-04-28 20:02:26,409 : INFO : **************test_loginCheck_testCase**************
2021-04-28 20:02:26,410 : INFO : **************Verify Login Page**************
2021-04-28 20:03:32,518 : INFO : **************test_titleCheck_testCase**************
2021-04-28 20:03:32,518 : INFO : **************Verify Title Page**************
2021-04-28 20:03:39,539 : INFO : **************test_loginCheck_testCase**************
2021-04-28 20:03:39,539 : INFO : **************Verify Login Page**************
2021-04-28 20:04:26,087 : INFO : **************test_titleCheck_testCase**************
2021-04-28 20:04:26,087 : INFO : **************Verify Title Page**************
2021-04-28 20:04:29,977 : INFO : **************test_loginCheck_testCase**************
2021-04-28 20:04:29,977 : INFO : **************Verify Login Page**************
2021-04-28 20:05:40,964 : INFO : **************test_titleCheck_testCase**************
2021-04-28 20:05:40,965 : INFO : **************Verify Title Page**************
2021-04-28 20:05:43,673 : INFO : **************test_loginCheck_testCase**************
2021-04-28 20:05:43,673 : INFO : **************Verify Login Page**************
2021-04-28 20:07:18,022 : INFO : **************test_titleCheck_testCase**************
2021-04-28 20:07:18,022 : INFO : **************Verify Title Page**************
2021-04-28 20:07:24,873 : INFO : **************test_loginCheck_testCase**************
2021-04-28 20:07:24,873 : INFO : **************Verify Login Page**************
2021-04-28 21:47:33,166 : INFO : **************test_titleCheck_testCase**************
2021-04-28 21:47:33,166 : INFO : **************Verify Title Page**************
2021-04-28 21:48:05,534 : INFO : **************test_loginCheck_testCase**************
2021-04-28 21:48:05,534 : INFO : **************Verify Login Page**************
2021-04-28 21:49:00,439 : INFO : **************test_titleCheck_testCase**************
2021-04-28 21:49:00,439 : INFO : **************Verify Title Page**************
2021-04-28 21:49:07,681 : INFO : **************test_loginCheck_testCase**************
2021-04-28 21:49:07,681 : INFO : **************Verify Login Page**************
2021-04-28 21:51:04,604 : INFO : **************test_titleCheck_testCase**************
2021-04-28 21:51:04,604 : INFO : **************Verify Title Page**************
2021-04-28 21:51:11,284 : INFO : **************test_loginCheck_testCase**************
2021-04-28 21:51:11,284 : INFO : **************Verify Login Page**************
2021-04-28 21:52:13,970 : INFO : **************test_titleCheck_testCase**************
2021-04-28 21:52:13,970 : INFO : **************Verify Title Page**************
2021-04-28 21:52:20,887 : INFO : **************test_loginCheck_testCase**************
2021-04-28 21:52:20,887 : INFO : **************Verify Login Page**************
2021-04-28 21:52:54,591 : INFO : **************test_titleCheck_testCase**************
2021-04-28 21:52:54,591 : INFO : **************Verify Title Page**************
2021-04-28 21:52:57,823 : INFO : **************test_loginCheck_testCase**************
2021-04-28 21:52:57,823 : INFO : **************Verify Login Page**************
2021-04-28 22:23:04,594 : INFO : **************test_002DDT_testCase**************
2021-04-28 22:23:04,594 : INFO : **************Verify Login Page**************
2021-04-28 22:23:30,680 : INFO : **************test_002DDT_testCase**************
2021-04-28 22:23:30,680 : INFO : **************Verify Login Page**************
2021-04-28 22:23:43,473 : INFO : **************test_002DDT_testCase**************
2021-04-28 22:23:43,473 : INFO : **************Verify Login Page**************
2021-04-28 22:25:50,946 : INFO : **************test_002DDT_testCase**************
2021-04-28 22:25:50,946 : INFO : **************Verify Login Page**************
2021-04-28 22:26:27,551 : INFO : **************test_002DDT_testCase**************
2021-04-28 22:26:27,551 : INFO : **************Verify Login Page**************
2021-04-28 22:27:05,130 : INFO : **************test_002DDT_testCase**************
2021-04-28 22:27:05,131 : INFO : **************Verify Login Page**************
2021-04-28 22:27:23,489 : INFO : **************test_002DDT_testCase**************
2021-04-28 22:27:23,489 : INFO : **************Verify Login Page**************
2021-04-28 22:27:55,768 : INFO : **************test_002DDT_testCase**************
2021-04-28 22:27:55,768 : INFO : **************Verify Login Page**************
2021-04-28 22:28:12,536 : INFO : **************test_002DDT_testCase**************
2021-04-28 22:28:12,536 : INFO : **************Verify Login Page**************
2021-04-28 22:28:58,985 : INFO : **************test_002DDT_testCase**************
2021-04-28 22:28:58,985 : INFO : **************Verify Login Page**************
2021-04-28 22:29:23,600 : INFO : **************test_002DDT_testCase**************
2021-04-28 22:29:23,601 : INFO : **************Verify Login Page**************
2021-04-28 22:30:39,858 : INFO : **************test_002DDT_testCase**************
2021-04-28 22:30:39,859 : INFO : **************Verify Login Page**************
2021-04-28 22:32:29,017 : INFO : **************test_002DDT_testCase**************
2021-04-28 22:32:29,017 : INFO : **************Verify Login Page**************
2021-04-28 22:36:30,166 : INFO : **************test_002DDT_testCase**************
2021-04-28 22:36:30,166 : INFO : **************Verify Login Page**************
2021-04-28 22:37:53,979 : INFO : **************test_002DDT_testCase**************
2021-04-28 22:37:53,979 : INFO : **************Verify Login Page**************
2021-04-28 22:58:10,217 : INFO : **************test_002DDT_testCase**************
2021-04-28 22:58:10,217 : INFO : **************Verify Login Page**************
2021-04-28 22:58:54,945 : INFO : **************test_002DDT_testCase**************
2021-04-28 22:58:54,945 : INFO : **************Verify Login Page**************
2021-04-28 23:00:18,011 : INFO : **************test_002DDT_testCase**************
2021-04-28 23:00:18,012 : INFO : **************Verify Login Page**************
2021-04-28 23:01:52,838 : INFO : **************test_002DDT_testCase**************
2021-04-28 23:01:52,838 : INFO : **************Verify Login Page**************
2021-04-28 23:09:27,073 : INFO : **************test_002DDT_testCase**************
2021-04-28 23:09:27,073 : INFO : **************Verify Login Page**************
2021-04-28 23:09:59,699 : INFO : *******************DDT is Passed********************
2021-04-28 23:11:06,588 : INFO : **************test_002DDT_testCase**************
2021-04-28 23:11:06,589 : INFO : **************Verify Login Page**************
2021-04-28 23:11:38,691 : INFO : *******************DDT is Passed********************
2021-04-28 23:18:29,960 : INFO : **************test_002DDT_testCase**************
2021-04-28 23:18:29,961 : INFO : **************Verify Login Page**************
2021-04-28 23:19:00,740 : INFO : *******************DDT is Passed********************
2021-04-28 23:20:19,362 : INFO : **************test_002DDT_testCase**************
2021-04-28 23:20:19,362 : INFO : **************Verify Login Page**************
2021-04-28 23:21:43,930 : INFO : **************test_002DDT_testCase**************
2021-04-28 23:21:43,931 : INFO : **************Verify Login Page**************
2021-04-28 23:23:41,586 : INFO : **************test_002DDT_testCase**************
2021-04-28 23:23:41,586 : INFO : **************Verify Login Page**************
2021-04-28 23:24:49,128 : INFO : **************test_002DDT_testCase**************
2021-04-28 23:24:49,128 : INFO : **************Verify Login Page**************
2021-04-28 23:25:10,224 : INFO : **************test_002DDT_testCase**************
2021-04-28 23:25:10,224 : INFO : **************Verify Login Page**************
2021-04-28 23:30:48,752 : INFO : **************test_002DDT_testCase**************
2021-04-28 23:30:48,752 : INFO : **************Verify Login Page**************
2021-04-28 23:31:16,450 : INFO : **************test_002DDT_testCase**************
2021-04-28 23:31:16,450 : INFO : **************Verify Login Page**************
2021-04-28 23:32:17,141 : INFO : **************test_002DDT_testCase**************
2021-04-28 23:32:17,142 : INFO : **************Verify Login Page**************
2021-04-28 23:34:20,134 : INFO : **************test_002DDT_testCase**************
2021-04-28 23:34:20,134 : INFO : **************Verify Login Page**************
2021-04-28 23:35:18,569 : INFO : **************test_002DDT_testCase**************
2021-04-28 23:35:18,569 : INFO : **************Verify Login Page**************
2021-04-28 23:35:52,963 : INFO : **************test_002DDT_testCase**************
2021-04-28 23:35:52,963 : INFO : **************Verify Login Page**************
2021-04-28 23:41:39,042 : INFO : **************test_002DDT_testCase**************
2021-04-28 23:41:39,042 : INFO : **************Verify Login Page**************
2021-04-28 23:43:09,575 : INFO : **************test_002DDT_testCase**************
2021-04-28 23:43:09,575 : INFO : **************Verify Login Page**************
2021-04-28 23:43:47,654 : INFO : **************test_002DDT_testCase**************
2021-04-28 23:43:47,655 : INFO : **************Verify Login Page**************
2021-04-28 23:44:22,321 : INFO : **************test_002DDT_testCase**************
2021-04-28 23:44:22,321 : INFO : **************Verify Login Page**************
2021-04-28 23:45:13,825 : INFO : **************test_002DDT_testCase**************
2021-04-28 23:45:13,825 : INFO : **************Verify Login Page**************
2021-04-28 23:45:58,347 : INFO : **************test_002DDT_testCase**************
2021-04-28 23:45:58,347 : INFO : **************Verify Login Page**************
2021-04-28 23:46:52,568 : INFO : **************test_002DDT_testCase**************
2021-04-28 23:46:52,568 : INFO : **************Verify Login Page**************
2021-04-28 23:47:13,823 : INFO : **************test_002DDT_testCase**************
2021-04-28 23:47:13,823 : INFO : **************Verify Login Page**************
2021-04-28 23:51:28,832 : INFO : **************test_002DDT_testCase**************
2021-04-28 23:51:28,832 : INFO : **************Verify Login Page**************
2021-04-28 23:51:52,355 : INFO : **************test_002DDT_testCase**************
2021-04-28 23:51:52,355 : INFO : **************Verify Login Page**************
2021-04-28 23:52:25,947 : INFO : **************test_002DDT_testCase**************
2021-04-28 23:52:25,947 : INFO : **************Verify Login Page**************
2021-04-28 23:53:41,192 : INFO : **************test_002DDT_testCase**************
2021-04-28 23:53:41,193 : INFO : **************Verify Login Page**************
2021-04-28 23:57:31,712 : INFO : **************test_002DDT_testCase**************
2021-04-28 23:57:31,712 : INFO : **************Verify Login Page**************
2021-04-28 23:58:01,458 : INFO : **************test_002DDT_testCase**************
2021-04-28 23:58:01,459 : INFO : **************Verify Login Page**************
2021-04-28 23:58:42,090 : INFO : **************test_002DDT_testCase**************
2021-04-28 23:58:42,090 : INFO : **************Verify Login Page**************
2021-04-28 23:59:03,552 : INFO : **************test_002DDT_testCase**************
2021-04-28 23:59:03,552 : INFO : **************Verify Login Page**************
2021-04-28 23:59:48,416 : INFO : **************test_002DDT_testCase**************
2021-04-28 23:59:48,416 : INFO : **************Verify Login Page**************
2021-04-29 00:00:10,476 : INFO : **************test_002DDT_testCase**************
2021-04-29 00:00:10,476 : INFO : **************Verify Login Page**************
2021-04-29 00:00:49,161 : INFO : **************test_002DDT_testCase**************
2021-04-29 00:00:49,162 : INFO : **************Verify Login Page**************
2021-04-29 00:01:58,563 : INFO : **************test_002DDT_testCase**************
2021-04-29 00:01:58,563 : INFO : **************Verify Login Page**************
2021-04-29 00:02:23,946 : INFO : **************test_002DDT_testCase**************
2021-04-29 00:02:23,946 : INFO : **************Verify Login Page**************
2021-04-29 00:04:05,676 : INFO : **************test_002DDT_testCase**************
2021-04-29 00:04:05,676 : INFO : **************Verify Login Page**************
2021-04-29 00:04:54,039 : INFO : **************test_002DDT_testCase**************
2021-04-29 00:04:54,040 : INFO : **************Verify Login Page**************
2021-04-29 00:05:38,737 : INFO : **************test_002DDT_testCase**************
2021-04-29 00:05:38,737 : INFO : **************Verify Login Page**************
2021-04-29 00:13:52,876 : INFO : **************test_002DDT_testCase**************
2021-04-29 00:13:52,876 : INFO : **************Verify Login Page**************
2021-04-29 00:14:02,128 : INFO : ****************DDT PASSED****************
2021-04-29 00:16:54,691 : INFO : **************test_002DDT_testCase**************
2021-04-29 00:16:54,691 : INFO : **************Verify Login Page**************
2021-04-29 00:17:04,234 : INFO : ****************DDT PASSED****************
2021-04-29 00:30:35,205 : INFO : **************test_002DDT_testCase**************
2021-04-29 00:30:35,205 : INFO : **************Verify Login Page**************
2021-04-29 00:30:45,235 : INFO : ****************DDT PASSED****************
2021-04-29 00:34:44,547 : INFO : **************test_002DDT_testCase**************
2021-04-29 00:34:44,547 : INFO : **************Verify Login Page**************
2021-04-29 00:34:55,691 : INFO : ****************DDT PASSED****************
2021-04-29 00:42:34,912 : INFO : **************test_002DDT_testCase**************
2021-04-29 00:42:34,912 : INFO : **************Verify Login Page**************
2021-04-29 00:42:45,430 : INFO : ****************DDT PASSED****************
2021-04-29 00:45:15,124 : INFO : **************test_002DDT_testCase**************
2021-04-29 00:45:15,124 : INFO : **************Verify Login Page**************
2021-04-29 00:45:26,305 : INFO : ****************DDT PASSED****************
2021-04-29 00:49:05,120 : INFO : **************test_002DDT_testCase**************
2021-04-29 00:49:05,128 : INFO : **************Verify Login Page**************
2021-04-29 00:49:31,620 : INFO : ****************DDT PASSED****************
2021-04-29 00:49:31,708 : INFO : End of DDT
2021-04-29 00:54:33,054 : INFO : **************test_002DDT_testCase**************
2021-04-29 00:54:33,054 : INFO : **************Verify Login Page**************
2021-04-30 01:17:27,456 : INFO : **************test_login**************
2021-04-30 01:17:27,456 : INFO : **************Verify test_login Page**************
2021-04-30 01:17:32,423 : INFO : **************Test_fullAutomation_001_login**************
2021-04-30 01:17:32,424 : INFO : **************Verify test_addNewCustomer Page**************
2021-04-30 01:19:08,243 : INFO : **************test_login**************
2021-04-30 01:19:08,243 : INFO : **************Verify test_login Page**************
2021-04-30 01:19:11,857 : INFO : **************Test_fullAutomation_001_login**************
2021-04-30 01:19:11,857 : INFO : **************Verify test_addNewCustomer Page**************
2021-04-30 01:22:42,891 : INFO : **************test_login**************
2021-04-30 01:22:42,891 : INFO : **************Verify test_login Page**************
2021-04-30 01:22:46,846 : INFO : **************Test_fullAutomation_001_login**************
2021-04-30 01:22:46,846 : INFO : **************Verify test_addNewCustomer Page**************
2021-04-30 01:23:07,794 : INFO : **************test_login**************
2021-04-30 01:23:07,795 : INFO : **************Verify test_login Page**************
2021-04-30 01:23:11,119 : INFO : **************Test_fullAutomation_001_login**************
2021-04-30 01:23:11,119 : INFO : **************Verify test_addNewCustomer Page**************
2021-04-30 01:23:48,962 : INFO : **************test_login**************
2021-04-30 01:23:48,962 : INFO : **************Verify test_login Page**************
2021-04-30 01:23:52,704 : INFO : **************Test_fullAutomation_001_login**************
2021-04-30 01:23:52,705 : INFO : **************Verify test_addNewCustomer Page**************
2021-04-30 01:26:22,543 : INFO : **************test_login**************
2021-04-30 01:26:22,544 : INFO : **************Verify test_login Page**************
2021-04-30 01:26:26,475 : INFO : **************Test_fullAutomation_001_login**************
2021-04-30 01:26:26,475 : INFO : **************Verify test_addNewCustomer Page**************
2021-04-30 01:27:13,430 : INFO : **************test_login**************
2021-04-30 01:27:13,430 : INFO : **************Verify test_login Page**************
2021-04-30 01:27:17,306 : INFO : **************Test_fullAutomation_001_login**************
2021-04-30 01:27:17,306 : INFO : **************Verify test_addNewCustomer Page**************
2021-04-30 01:30:59,692 : INFO : **************test_login**************
2021-04-30 01:30:59,692 : INFO : **************Verify test_login Page**************
2021-04-30 01:31:03,189 : INFO : **************Test_fullAutomation_001_login**************
2021-04-30 01:31:03,189 : INFO : **************Verify test_addNewCustomer Page**************
2021-04-30 01:32:26,386 : INFO : **************test_login**************
2021-04-30 01:32:26,386 : INFO : **************Verify test_login Page**************
2021-04-30 01:32:30,331 : INFO : **************Test_fullAutomation_001_login**************
2021-04-30 01:32:30,331 : INFO : **************Verify test_addNewCustomer Page**************
2021-04-30 01:37:05,763 : INFO : **************test_login**************
2021-04-30 01:37:05,763 : INFO : **************Verify test_login Page**************
2021-04-30 01:37:09,930 : INFO : **************Test_fullAutomation_001_login**************
2021-04-30 01:37:09,930 : INFO : **************Verify test_addNewCustomer Page**************
2021-04-30 01:38:33,996 : INFO : **************test_login**************
2021-04-30 01:38:33,996 : INFO : **************Verify test_login Page**************
2021-04-30 01:38:38,233 : INFO : **************Test_fullAutomation_001_login**************
2021-04-30 01:38:38,233 : INFO : **************Verify test_addNewCustomer Page**************
2021-04-30 01:39:47,961 : INFO : **************test_login**************
2021-04-30 01:39:47,961 : INFO : **************Verify test_login Page**************
2021-04-30 01:39:52,124 : INFO : **************Test_fullAutomation_001_login**************
2021-04-30 01:39:52,124 : INFO : **************Verify test_addNewCustomer Page**************
2021-04-30 01:41:13,309 : INFO : **************test_login**************
2021-04-30 01:41:13,309 : INFO : **************Verify test_login Page**************
2021-04-30 01:41:17,293 : INFO : **************Test_fullAutomation_001_login**************
2021-04-30 01:41:17,293 : INFO : **************Verify test_addNewCustomer Page**************
2021-04-30 01:42:46,955 : INFO : **************test_login**************
2021-04-30 01:42:46,955 : INFO : **************Verify test_login Page**************
2021-04-30 01:42:50,709 : INFO : **************Test_fullAutomation_001_login**************
2021-04-30 01:42:50,709 : INFO : **************Verify test_addNewCustomer Page**************
2021-04-30 01:43:27,642 : INFO : **************test_login**************
2021-04-30 01:43:27,642 : INFO : **************Verify test_login Page**************
2021-04-30 01:43:31,896 : INFO : **************Test_fullAutomation_001_login**************
2021-04-30 01:43:31,896 : INFO : **************Verify test_addNewCustomer Page**************
2021-04-30 01:46:33,211 : INFO : **************test_login**************
2021-04-30 01:46:33,211 : INFO : **************Verify test_login Page**************
2021-04-30 01:46:36,869 : INFO : **************Test_fullAutomation_001_login**************
2021-04-30 01:46:36,869 : INFO : **************Verify test_addNewCustomer Page**************
2021-04-30 01:47:56,269 : INFO : **************test_login**************
2021-04-30 01:47:56,270 : INFO : **************Verify test_login Page**************
2021-04-30 01:48:21,372 : INFO : **************test_login**************
2021-04-30 01:48:21,372 : INFO : **************Verify test_login Page**************
2021-04-30 01:49:19,669 : INFO : **************test_login**************
2021-04-30 01:49:19,669 : INFO : **************Verify test_login Page**************
2021-04-30 01:49:36,388 : INFO : **************Test_fullAutomation_001_login**************
2021-04-30 01:49:36,388 : INFO : **************Verify test_addNewCustomer Page**************
2021-04-30 01:50:47,555 : INFO : **************test_login**************
2021-04-30 01:50:47,555 : INFO : **************Verify test_login Page**************
2021-04-30 01:50:50,861 : INFO : **************Test_fullAutomation_001_login**************
2021-04-30 01:50:50,861 : INFO : **************Verify test_addNewCustomer Page**************
2021-04-30 01:54:07,010 : INFO : **************test_login**************
2021-04-30 01:54:07,010 : INFO : **************Verify test_login Page**************
2021-04-30 01:54:10,988 : INFO : **************Test_fullAutomation_001_login**************
2021-04-30 01:54:10,988 : INFO : **************Verify test_addNewCustomer Page**************
2021-04-30 01:59:07,143 : INFO : **************test_login**************
2021-04-30 01:59:07,143 : INFO : **************Verify test_login Page**************
2021-04-30 01:59:11,096 : INFO : **************Test_fullAutomation_001_login**************
2021-04-30 01:59:11,096 : INFO : **************Verify test_addNewCustomer Page**************
2021-04-30 02:02:08,296 : INFO : **************test_login**************
2021-04-30 02:02:08,296 : INFO : **************Verify test_login Page**************
2021-04-30 02:02:12,276 : INFO : **************Test_fullAutomation_001_login**************
2021-04-30 02:02:12,276 : INFO : **************Verify test_addNewCustomer Page**************
2021-04-30 02:13:53,880 : INFO : **************test_login**************
2021-04-30 02:13:53,880 : INFO : **************Verify test_login Page**************
2021-04-30 02:13:58,328 : INFO : **************Test_fullAutomation_001_login**************
2021-04-30 02:13:58,328 : INFO : **************Verify test_addNewCustomer Page**************
2021-04-30 02:14:51,615 : INFO : **************test_login**************
2021-04-30 02:14:51,615 : INFO : **************Verify test_login Page**************
2021-04-30 02:14:55,439 : INFO : **************Test_fullAutomation_001_login**************
2021-04-30 02:14:55,439 : INFO : **************Verify test_addNewCustomer Page**************
2021-04-30 02:16:07,767 : INFO : **************test_login**************
2021-04-30 02:16:07,767 : INFO : **************Verify test_login Page**************
2021-04-30 02:16:11,694 : INFO : **************Test_fullAutomation_001_login**************
2021-04-30 02:16:11,694 : INFO : **************Verify test_addNewCustomer Page**************
2021-04-30 02:18:50,303 : INFO : **************test_login**************
2021-04-30 02:18:50,303 : INFO : **************Verify test_login Page**************
2021-04-30 02:18:54,825 : INFO : **************Test_fullAutomation_001_login**************
2021-04-30 02:18:54,825 : INFO : **************Verify test_addNewCustomer Page**************
2021-04-30 02:20:00,410 : INFO : **************test_login**************
2021-04-30 02:20:00,411 : INFO : **************Verify test_login Page**************
2021-04-30 02:20:04,719 : INFO : **************Test_fullAutomation_001_login**************
2021-04-30 02:20:04,720 : INFO : **************Verify test_addNewCustomer Page**************
2021-04-30 02:21:19,232 : INFO : **************test_login**************
2021-04-30 02:21:19,232 : INFO : **************Verify test_login Page**************
2021-04-30 02:21:23,260 : INFO : **************Test_fullAutomation_001_login**************
2021-04-30 02:21:23,260 : INFO : **************Verify test_addNewCustomer Page**************
2021-04-30 02:22:35,929 : INFO : **************test_login**************
2021-04-30 02:22:35,929 : INFO : **************Verify test_login Page**************
2021-04-30 02:22:39,897 : INFO : **************Test_fullAutomation_001_login**************
2021-04-30 02:22:39,897 : INFO : **************Verify test_addNewCustomer Page**************
2021-04-30 02:23:16,024 : INFO : **************test_login**************
2021-04-30 02:23:16,024 : INFO : **************Verify test_login Page**************
2021-04-30 02:23:19,642 : INFO : **************Test_fullAutomation_001_login**************
2021-04-30 02:23:19,642 : INFO : **************Verify test_addNewCustomer Page**************
2021-04-30 02:23:59,185 : INFO : **************test_login**************
2021-04-30 02:23:59,186 : INFO : **************Verify test_login Page**************
2021-04-30 02:24:03,438 : INFO : **************Test_fullAutomation_001_login**************
2021-04-30 02:24:03,438 : INFO : **************Verify test_addNewCustomer Page**************
2021-04-30 02:24:59,246 : INFO : **************test_login**************
2021-04-30 02:24:59,246 : INFO : **************Verify test_login Page**************
2021-04-30 02:25:03,702 : INFO : **************Test_fullAutomation_001_login**************
2021-04-30 02:25:03,702 : INFO : **************Verify test_addNewCustomer Page**************
2021-05-01 13:18:07,064 : INFO : **************test_login**************
2021-05-01 13:18:07,064 : INFO : **************Verify test_login Page**************
2021-05-01 13:18:11,562 : INFO : **************Test_fullAutomation_001_login**************
2021-05-01 13:18:11,562 : INFO : **************Verify test_addNewCustomer Page**************
2021-05-01 14:52:30,744 : INFO : **************test_login**************
2021-05-01 14:52:30,745 : INFO : **************Verify test_login Page**************
2021-05-01 14:53:08,304 : INFO : **************test_login**************
2021-05-01 14:53:08,304 : INFO : **************Verify test_login Page**************
2021-05-01 14:53:19,675 : INFO : **************Test_fullAutomation_001_login**************
2021-05-01 14:53:19,675 : INFO : **************Verify test_addNewCustomer Page**************
2021-05-01 15:00:58,206 : INFO : **************test_login**************
2021-05-01 15:00:58,206 : INFO : **************Verify test_login Page**************
2021-05-01 15:01:01,477 : INFO : **************Test_fullAutomation_001_login**************
2021-05-01 15:01:01,477 : INFO : **************Verify test_addNewCustomer Page**************
2021-05-01 15:02:05,591 : INFO : **************test_login**************
2021-05-01 15:02:05,591 : INFO : **************Verify test_login Page**************
2021-05-01 15:02:08,598 : INFO : **************Test_fullAutomation_001_login**************
2021-05-01 15:02:08,598 : INFO : **************Verify test_addNewCustomer Page**************
2021-05-01 15:02:15,617 : INFO : **************Test_searchAutomation_001_login**************
2021-05-01 15:02:15,618 : INFO : **************Verify searchAutomationuser details page**************
2021-05-01 15:04:14,571 : INFO : **************test_login**************
2021-05-01 15:04:14,571 : INFO : **************Verify test_login Page**************
2021-05-01 15:04:18,788 : INFO : **************Test_fullAutomation_001_login**************
2021-05-01 15:04:18,788 : INFO : **************Verify test_addNewCustomer Page**************
2021-05-01 15:04:26,101 : INFO : **************Test_searchAutomation_001_login**************
2021-05-01 15:04:26,101 : INFO : **************Verify searchAutomationuser details page**************
2021-05-01 15:04:27,273 : INFO : **************Verify searchAutomationuser completed page**************
2021-05-01 15:05:13,124 : INFO : **************test_login**************
2021-05-01 15:05:13,124 : INFO : **************Verify test_login Page**************
2021-05-01 15:05:17,196 : INFO : **************Test_fullAutomation_001_login**************
2021-05-01 15:05:17,196 : INFO : **************Verify test_addNewCustomer Page**************
2021-05-01 15:05:23,894 : INFO : **************Test_searchAutomation_001_login**************
2021-05-01 15:05:23,894 : INFO : **************Verify searchAutomationuser details page**************
2021-05-01 15:05:24,793 : INFO : **************Verify searchAutomationuser completed page**************
2021-05-01 15:07:15,268 : INFO : **************test_login**************
2021-05-01 15:07:15,271 : INFO : **************Verify test_login Page**************
2021-05-01 15:07:19,270 : INFO : **************Test_fullAutomation_001_login**************
2021-05-01 15:07:19,271 : INFO : **************Verify test_addNewCustomer Page**************
2021-05-01 15:07:25,561 : INFO : **************Test_searchAutomation_001_login**************
2021-05-01 15:07:25,561 : INFO : **************Verify searchAutomationuser details page**************
2021-05-01 15:07:27,260 : INFO : **************Verify searchAutomationuser completed page**************
2021-05-01 15:09:21,560 : INFO : **************test_login**************
2021-05-01 15:09:21,560 : INFO : **************Verify test_login Page**************
2021-05-01 15:09:25,753 : INFO : **************Test_fullAutomation_001_login**************
2021-05-01 15:09:25,753 : INFO : **************Verify test_addNewCustomer Page**************
2021-05-01 15:09:31,942 : INFO : **************Test_searchAutomation_001_login**************
2021-05-01 15:09:31,942 : INFO : **************Verify searchAutomationuser details page**************
2021-05-01 15:10:10,664 : INFO : **************test_login**************
2021-05-01 15:10:10,664 : INFO : **************Verify test_login Page**************
2021-05-01 15:10:14,377 : INFO : **************Test_fullAutomation_001_login**************
2021-05-01 15:10:14,377 : INFO : **************Verify test_addNewCustomer Page**************
2021-05-01 15:10:21,176 : INFO : **************Test_searchAutomation_001_login**************
2021-05-01 15:10:21,176 : INFO : **************Verify searchAutomationuser details page**************
2021-05-01 15:12:16,091 : INFO : **************test_login**************
2021-05-01 15:12:16,091 : INFO : **************Verify test_login Page**************
2021-05-01 15:12:19,874 : INFO : **************Test_fullAutomation_001_login**************
2021-05-01 15:12:19,874 : INFO : **************Verify test_addNewCustomer Page**************
2021-05-01 15:12:26,732 : INFO : **************Test_searchAutomation_001_login**************
2021-05-01 15:12:26,732 : INFO : **************Verify searchAutomationuser details page**************
2021-05-01 15:12:28,098 : INFO : **************Verify searchAutomationuser completed page**************
2021-05-01 15:14:05,331 : INFO : **************test_login**************
2021-05-01 15:14:05,331 : INFO : **************Verify test_login Page**************
2021-05-01 15:14:09,278 : INFO : **************Test_fullAutomation_001_login**************
2021-05-01 15:14:09,278 : INFO : **************Verify test_addNewCustomer Page**************
2021-05-01 15:14:15,841 : INFO : **************Test_searchAutomation_001_login**************
2021-05-01 15:14:15,841 : INFO : **************Verify searchAutomationuser details page**************
2021-05-01 15:14:16,827 : INFO : **************Verify searchAutomationuser completed page**************
2021-05-01 15:24:15,220 : INFO : **************test_login**************
2021-05-01 15:24:15,220 : INFO : **************Verify test_login Page**************
2021-05-01 15:24:18,959 : INFO : **************Test_fullAutomation_001_login**************
2021-05-01 15:24:18,959 : INFO : **************Verify test_addNewCustomer Page**************
2021-05-01 15:24:26,431 : INFO : **************Test_searchAutomation_001_login**************
2021-05-01 15:24:26,431 : INFO : **************Verify searchAutomationuser details page**************
2021-05-01 15:25:42,260 : INFO : **************test_login**************
2021-05-01 15:25:42,260 : INFO : **************Verify test_login Page**************
2021-05-01 15:25:46,464 : INFO : **************Test_fullAutomation_001_login**************
2021-05-01 15:25:46,464 : INFO : **************Verify test_addNewCustomer Page**************
2021-05-01 15:25:54,161 : INFO : **************Test_searchAutomation_001_login**************
2021-05-01 15:25:54,161 : INFO : **************Verify searchAutomationuser details page**************
2021-05-01 15:26:53,879 : INFO : **************test_login**************
2021-05-01 15:26:53,879 : INFO : **************Verify test_login Page**************
2021-05-01 15:26:58,503 : INFO : **************Test_fullAutomation_001_login**************
2021-05-01 15:26:58,503 : INFO : **************Verify test_addNewCustomer Page**************
2021-05-01 15:27:05,080 : INFO : **************Test_searchAutomation_001_login**************
2021-05-01 15:27:05,080 : INFO : **************Verify searchAutomationuser details page**************
2021-05-01 15:28:13,010 : INFO : **************test_login**************
2021-05-01 15:28:13,010 : INFO : **************Verify test_login Page**************
2021-05-01 15:28:17,475 : INFO : **************Test_fullAutomation_001_login**************
2021-05-01 15:28:17,475 : INFO : **************Verify test_addNewCustomer Page**************
2021-05-01 15:28:24,240 : INFO : **************Test_searchAutomation_001_login**************
2021-05-01 15:28:24,240 : INFO : **************Verify searchAutomationuser details page**************
2021-05-01 15:28:25,016 : INFO : **************Verify searchAutomationuser completed page**************
2021-05-01 16:09:44,519 : INFO : **************test_titleCheck_testCase**************
2021-05-01 16:09:44,520 : INFO : **************Verify Title Page**************
2021-05-01 16:09:51,333 : INFO : **************test_loginCheck_testCase**************
2021-05-01 16:09:51,333 : INFO : **************Verify Login Page**************
2021-05-01 16:11:27,498 : INFO : **************test_titleCheck_testCase**************
2021-05-01 16:11:27,498 : INFO : **************Verify Title Page**************
2021-05-01 16:11:30,175 : INFO : **************test_loginCheck_testCase**************
2021-05-01 16:11:30,176 : INFO : **************Verify Login Page**************
2021-05-01 16:16:50,548 : INFO : **************test_loginCheck_testCase**************
2021-05-01 16:16:50,548 : INFO : **************Verify Login Page**************
2021-05-01 16:18:14,170 : INFO : **************test_loginCheck_testCase**************
2021-05-01 16:18:14,170 : INFO : **************Verify Login Page**************
2021-05-01 16:19:11,073 : INFO : **************test_loginCheck_testCase**************
2021-05-01 16:19:11,073 : INFO : **************Verify Login Page**************
2021-05-01 16:19:34,246 : INFO : **************test_loginCheck_testCase**************
2021-05-01 16:19:34,246 : INFO : **************Verify Login Page**************
2021-05-01 16:20:28,776 : INFO : **************test_titleCheck_testCase**************
2021-05-01 16:20:28,776 : INFO : **************Verify Title Page**************
2021-05-01 16:20:35,491 : INFO : **************test_loginCheck_testCase**************
2021-05-01 16:20:35,491 : INFO : **************Verify Login Page**************
2021-05-01 16:21:25,689 : INFO : **************test_titleCheck_testCase**************
2021-05-01 16:21:25,689 : INFO : **************Verify Title Page**************
2021-05-01 16:21:32,388 : INFO : **************test_loginCheck_testCase**************
2021-05-01 16:21:32,388 : INFO : **************Verify Login Page**************
2021-05-01 16:24:24,120 : INFO : **************test_titleCheck_testCase**************
2021-05-01 16:24:24,120 : INFO : **************Verify Title Page**************
2021-05-01 16:24:26,553 : INFO : **************test_loginCheck_testCase**************
2021-05-01 16:24:26,553 : INFO : **************Verify Login Page**************
2021-05-01 16:25:19,558 : INFO : **************test_loginCheck_testCase**************
2021-05-01 16:25:19,558 : INFO : **************Verify Login Page**************
2021-05-01 16:25:36,732 : INFO : **************test_loginCheck_testCase**************
2021-05-01 16:25:36,732 : INFO : **************Verify Login Page**************
2021-05-01 16:27:27,133 : INFO : **************test_login**************
2021-05-01 16:27:27,134 : INFO : **************Verify test_login Page**************
2021-05-01 16:27:30,792 : INFO : **************Test_fullAutomation_001_login**************
2021-05-01 16:27:30,792 : INFO : **************Verify test_addNewCustomer Page**************
2021-05-01 16:27:32,172 : INFO : **************test_loginCheck_testCase**************
2021-05-01 16:27:32,173 : INFO : **************Verify Login Page**************
2021-05-01 16:27:41,272 : INFO : **************test_002DDT_testCase**************
2021-05-01 16:27:41,272 : INFO : **************Verify Login Page**************
2021-05-01 16:27:43,326 : INFO : **************test_login**************
2021-05-01 16:27:43,326 : INFO : **************Verify test_login Page**************
2021-05-01 16:27:47,391 : INFO : **************Test_fullAutomation_001_login**************
2021-05-01 16:27:47,392 : INFO : **************Verify test_addNewCustomer Page**************
2021-05-01 16:49:06,564 : INFO : **************test_login**************
2021-05-01 16:49:06,564 : INFO : **************Verify test_login Page**************
2021-05-01 16:49:11,055 : INFO : **************Test_fullAutomation_001_login**************
2021-05-01 16:49:11,055 : INFO : **************Verify test_addNewCustomer Page**************
2021-05-01 16:49:21,141 : INFO : **************test_titleCheck_testCase**************
2021-05-01 16:49:21,141 : INFO : **************Verify Title Page**************
2021-05-01 16:49:28,059 : INFO : **************test_loginCheck_testCase**************
2021-05-01 16:49:28,059 : INFO : **************Verify Login Page**************
2021-05-01 16:49:37,320 : INFO : **************test_002DDT_testCase**************
2021-05-01 16:49:37,320 : INFO : **************Verify Login Page**************
2021-05-01 16:49:40,052 : INFO : **************test_login**************
2021-05-01 16:49:40,052 : INFO : **************Verify test_login Page**************
2021-05-01 16:49:43,822 : INFO : **************Test_fullAutomation_001_login**************
2021-05-01 16:49:43,823 : INFO : **************Verify test_addNewCustomer Page**************
2021-05-01 16:49:50,026 : INFO : **************Test_searchAutomation_001_login**************
2021-05-01 16:49:50,026 : INFO : **************Verify searchAutomationuser details page**************
2021-05-01 16:49:50,885 : INFO : **************Verify searchAutomationuser completed page**************
2021-05-01 17:05:22,087 : INFO : **************test_login**************
2021-05-01 17:05:22,088 : INFO : **************Verify test_login Page**************
2021-05-01 17:05:25,632 : INFO : **************Test_fullAutomation_001_login**************
2021-05-01 17:05:25,633 : INFO : **************Verify test_addNewCustomer Page**************
2021-05-01 17:05:32,762 : INFO : **************test_titleCheck_testCase**************
2021-05-01 17:05:32,762 : INFO : **************Verify Title Page**************
2021-05-01 17:05:35,337 : INFO : **************test_loginCheck_testCase**************
2021-05-01 17:05:35,337 : INFO : **************Verify Login Page**************
2021-05-01 17:05:39,486 : INFO : **************test_002DDT_testCase**************
2021-05-01 17:05:39,487 : INFO : **************Verify Login Page**************
2021-05-01 17:05:42,082 : INFO : **************test_login**************
2021-05-01 17:05:42,083 : INFO : **************Verify test_login Page**************
2021-05-01 17:05:45,871 : INFO : **************Test_fullAutomation_001_login**************
2021-05-01 17:05:45,872 : INFO : **************Verify test_addNewCustomer Page**************
2021-05-01 17:05:52,215 : INFO : **************Test_searchAutomation_001_login**************
2021-05-01 17:05:52,215 : INFO : **************Verify searchAutomationuser details page**************
2021-05-01 17:05:53,065 : INFO : **************Verify searchAutomationuser completed page**************
2021-05-01 17:06:47,023 : INFO : **************test_login**************
2021-05-01 17:06:47,024 : INFO : **************Verify test_login Page**************
2021-05-01 17:06:50,605 : INFO : **************Test_fullAutomation_001_login**************
2021-05-01 17:06:50,605 : INFO : **************Verify test_addNewCustomer Page**************
2021-05-01 17:06:57,641 : INFO : **************test_titleCheck_testCase**************
2021-05-01 17:06:57,641 : INFO : **************Verify Title Page**************
2021-05-01 17:07:04,392 : INFO : **************test_loginCheck_testCase**************
2021-05-01 17:07:04,392 : INFO : **************Verify Login Page**************
2021-05-01 17:07:12,962 : INFO : **************test_002DDT_testCase**************
2021-05-01 17:07:12,962 : INFO : **************Verify Login Page**************
2021-05-01 17:07:15,831 : INFO : **************test_login**************
2021-05-01 17:07:15,831 : INFO : **************Verify test_login Page**************
2021-05-01 17:07:19,180 : INFO : **************Test_fullAutomation_001_login**************
2021-05-01 17:07:19,180 : INFO : **************Verify test_addNewCustomer Page**************
2021-05-01 17:07:25,390 : INFO : **************Test_searchAutomation_001_login**************
2021-05-01 17:07:25,390 : INFO : **************Verify searchAutomationuser details page**************
2021-05-01 17:07:26,719 : INFO : **************Verify searchAutomationuser completed page**************
2021-05-01 17:08:18,873 : INFO : **************test_titleCheck_testCase**************
2021-05-01 17:08:18,873 : INFO : **************Verify Title Page**************
2021-05-01 17:14:36,572 : INFO : **************test_titleCheck_testCase**************
2021-05-01 17:14:36,573 : INFO : **************Verify Title Page**************
2021-05-01 17:14:50,025 : INFO : **************test_titleCheck_testCase**************
2021-05-01 17:14:50,025 : INFO : **************Verify Title Page**************
2021-05-01 17:15:15,642 : INFO : **************test_titleCheck_testCase**************
2021-05-01 17:15:15,642 : INFO : **************Verify Title Page**************
2021-05-01 17:38:04,445 : INFO : **************test_login**************
2021-05-01 17:38:04,445 : INFO : **************Verify test_login Page**************
2021-05-01 17:38:08,476 : INFO : **************Test_fullAutomation_001_login**************
2021-05-01 17:38:08,476 : INFO : **************Verify test_addNewCustomer Page**************
2021-05-01 17:38:15,299 : INFO : **************test_loginCheck_testCase**************
2021-05-01 17:38:15,300 : INFO : **************Verify Login Page**************
2021-05-01 17:38:19,533 : INFO : **************test_002DDT_testCase**************
2021-05-01 17:38:19,533 : INFO : **************Verify Login Page**************
2021-05-01 17:38:22,204 : INFO : **************test_login**************
2021-05-01 17:38:22,204 : INFO : **************Verify test_login Page**************
2021-05-01 17:38:25,973 : INFO : **************Test_fullAutomation_001_login**************
2021-05-01 17:38:25,973 : INFO : **************Verify test_addNewCustomer Page**************
2021-05-01 17:40:12,295 : INFO : **************test_login**************
2021-05-01 17:40:12,296 : INFO : **************Verify test_login Page**************
2021-05-01 17:40:15,785 : INFO : **************Test_fullAutomation_001_login**************
2021-05-01 17:40:15,785 : INFO : **************Verify test_addNewCustomer Page**************
2021-05-01 17:40:34,042 : INFO : **************test_titleCheck_testCase**************
2021-05-01 17:40:34,042 : INFO : **************Verify Title Page**************
2021-05-01 17:40:40,669 : INFO : **************test_loginCheck_testCase**************
2021-05-01 17:40:40,669 : INFO : **************Verify Login Page**************
